23:37:49.993 [main] INFO  c.e.mvcdemo2.Mvcdemo2Application - Starting Mvcdemo2Application using Java 21 with PID 46732 (C:\Users\lyc\Desktop\se-project\12\SEproject\target\classes started by lyc in C:\Users\lyc\Desktop\se-project\12)
23:37:49.995 [main] INFO  c.e.mvcdemo2.Mvcdemo2Application - No active profile set, falling back to 1 default profile: "default"
23:37:50.685 [main] INFO  o.s.d.r.c.RepositoryConfigurationDelegate - Bootstrapping Spring Data JPA repositories in DEFAULT mode.
23:37:50.744 [main] INFO  o.s.d.r.c.RepositoryConfigurationDelegate - Finished Spring Data repository scanning in 51 ms. Found 1 JPA repository interface.
23:37:51.291 [main] INFO  o.s.b.w.e.tomcat.TomcatWebServer - Tomcat initialized with port 8080 (http)
23:37:51.301 [main] INFO  o.a.coyote.http11.Http11NioProtocol - Initializing ProtocolHandler ["http-nio-8080"]
23:37:51.304 [main] INFO  o.a.catalina.core.StandardService - Starting service [Tomcat]
23:37:51.304 [main] INFO  o.a.catalina.core.StandardEngine - Starting Servlet engine: [Apache Tomcat/10.1.16]
23:37:51.385 [main] INFO  o.a.c.c.C.[Tomcat].[localhost].[/] - Initializing Spring embedded WebApplicationContext
23:37:51.386 [main] INFO  o.s.b.w.s.c.ServletWebServerApplicationContext - Root WebApplicationContext: initialization completed in 1323 ms
23:37:51.555 [main] INFO  o.h.jpa.internal.util.LogHelper - HHH000204: Processing PersistenceUnitInfo [name: default]
23:37:51.640 [main] INFO  org.hibernate.Version - HHH000412: Hibernate ORM core version 6.3.1.Final
23:37:51.684 [main] INFO  o.h.c.i.RegionFactoryInitiator - HHH000026: Second-level cache disabled
23:37:51.963 [main] INFO  o.s.o.j.p.SpringPersistenceUnitInfo - No LoadTimeWeaver setup: ignoring JPA class transformer
23:37:51.994 [main] INFO  com.zaxxer.hikari.HikariDataSource - HikariPool-1 - Starting...
23:37:52.172 [main] INFO  com.zaxxer.hikari.pool.HikariPool - HikariPool-1 - Added connection org.postgresql.jdbc.PgConnection@77ce88c4
23:37:52.173 [main] INFO  com.zaxxer.hikari.HikariDataSource - HikariPool-1 - Start completed.
23:37:52.242 [main] WARN  org.hibernate.orm.deprecation - HHH90000025: PostgreSQLDialect does not need to be specified explicitly using 'hibernate.dialect' (remove the property setting and it will be selected by default)
23:37:53.084 [main] INFO  o.h.e.t.j.p.i.JtaPlatformInitiator - HHH000489: No JTA platform available (set 'hibernate.transaction.jta.platform' to enable JTA platform integration)
23:37:53.112 [main] WARN  o.h.e.jdbc.spi.SqlExceptionHelper - SQL Warning Code: 0, SQLState: 00000
23:37:53.112 [main] WARN  o.h.e.jdbc.spi.SqlExceptionHelper - 表 "student" 不存在
23:37:53.169 [main] INFO  o.s.o.j.LocalContainerEntityManagerFactoryBean - Initialized JPA EntityManagerFactory for persistence unit 'default'
23:37:53.424 [main] WARN  o.s.b.a.o.j.JpaBaseConfiguration$JpaWebConfiguration - spring.jpa.open-in-view is enabled by default. Therefore, database queries may be performed during view rendering. Explicitly configure spring.jpa.open-in-view to disable this warning
23:37:53.773 [main] INFO  o.a.coyote.http11.Http11NioProtocol - Starting ProtocolHandler ["http-nio-8080"]
23:37:53.793 [main] INFO  o.s.b.w.e.tomcat.TomcatWebServer - Tomcat started on port 8080 (http) with context path ''
23:37:53.799 [main] INFO  c.e.mvcdemo2.Mvcdemo2Application - Started Mvcdemo2Application in 4.2 seconds (process running for 5.819)
23:37:53.801 [main] INFO  c.e.mvcdemo2.Mvcdemo2Application - Customized INFO log 1
23:37:53.802 [main] ERROR c.e.mvcdemo2.Mvcdemo2Application - Customized ERROR log 3
23:38:10.219 [http-nio-8080-exec-1] INFO  o.a.c.c.C.[Tomcat].[localhost].[/] - Initializing Spring DispatcherServlet 'dispatcherServlet'
23:38:10.219 [http-nio-8080-exec-1] INFO  o.s.web.servlet.DispatcherServlet - Initializing Servlet 'dispatcherServlet'
23:38:10.221 [http-nio-8080-exec-1] INFO  o.s.web.servlet.DispatcherServlet - Completed initialization in 2 ms
23:41:40.483 [SpringApplicationShutdownHook] INFO  o.s.o.j.LocalContainerEntityManagerFactoryBean - Closing JPA EntityManagerFactory for persistence unit 'default'
23:41:40.503 [SpringApplicationShutdownHook] INFO  com.zaxxer.hikari.HikariDataSource - HikariPool-1 - Shutdown initiated...
23:41:40.506 [SpringApplicationShutdownHook] INFO  com.zaxxer.hikari.HikariDataSource - HikariPool-1 - Shutdown completed.
12:39:33.421 [main] INFO  c.e.mvcdemo2.Mvcdemo2Application - Starting Mvcdemo2Application using Java 21 with PID 78332 (C:\Users\lyc\Desktop\se-project\12\SEproject\target\classes started by lyc in C:\Users\lyc\Desktop\se-project\12)
12:39:33.424 [main] INFO  c.e.mvcdemo2.Mvcdemo2Application - No active profile set, falling back to 1 default profile: "default"
12:39:34.089 [main] INFO  o.s.d.r.c.RepositoryConfigurationDelegate - Bootstrapping Spring Data JPA repositories in DEFAULT mode.
12:39:34.148 [main] INFO  o.s.d.r.c.RepositoryConfigurationDelegate - Finished Spring Data repository scanning in 52 ms. Found 1 JPA repository interface.
12:39:34.677 [main] INFO  o.s.b.w.e.tomcat.TomcatWebServer - Tomcat initialized with port 8080 (http)
12:39:34.687 [main] INFO  o.a.coyote.http11.Http11NioProtocol - Initializing ProtocolHandler ["http-nio-8080"]
12:39:34.688 [main] INFO  o.a.catalina.core.StandardService - Starting service [Tomcat]
12:39:34.689 [main] INFO  o.a.catalina.core.StandardEngine - Starting Servlet engine: [Apache Tomcat/10.1.16]
12:39:34.759 [main] INFO  o.a.c.c.C.[Tomcat].[localhost].[/] - Initializing Spring embedded WebApplicationContext
12:39:34.760 [main] INFO  o.s.b.w.s.c.ServletWebServerApplicationContext - Root WebApplicationContext: initialization completed in 1283 ms
12:39:34.914 [main] INFO  o.h.jpa.internal.util.LogHelper - HHH000204: Processing PersistenceUnitInfo [name: default]
12:39:34.995 [main] INFO  org.hibernate.Version - HHH000412: Hibernate ORM core version 6.3.1.Final
12:39:35.039 [main] INFO  o.h.c.i.RegionFactoryInitiator - HHH000026: Second-level cache disabled
12:39:35.316 [main] INFO  o.s.o.j.p.SpringPersistenceUnitInfo - No LoadTimeWeaver setup: ignoring JPA class transformer
12:39:35.346 [main] INFO  com.zaxxer.hikari.HikariDataSource - HikariPool-1 - Starting...
12:39:35.497 [main] INFO  com.zaxxer.hikari.pool.HikariPool - HikariPool-1 - Added connection org.postgresql.jdbc.PgConnection@4300e240
12:39:35.499 [main] INFO  com.zaxxer.hikari.HikariDataSource - HikariPool-1 - Start completed.
12:39:35.542 [main] WARN  org.hibernate.orm.deprecation - HHH90000025: PostgreSQLDialect does not need to be specified explicitly using 'hibernate.dialect' (remove the property setting and it will be selected by default)
12:39:36.464 [main] INFO  o.h.e.t.j.p.i.JtaPlatformInitiator - HHH000489: No JTA platform available (set 'hibernate.transaction.jta.platform' to enable JTA platform integration)
12:39:36.489 [main] WARN  o.h.e.jdbc.spi.SqlExceptionHelper - SQL Warning Code: 0, SQLState: 00000
12:39:36.489 [main] WARN  o.h.e.jdbc.spi.SqlExceptionHelper - 关系 "goods_tags" 不存在，忽略
12:39:36.491 [main] WARN  o.h.e.jdbc.spi.SqlExceptionHelper - SQL Warning Code: 0, SQLState: 00000
12:39:36.491 [main] WARN  o.h.e.jdbc.spi.SqlExceptionHelper - 表 "goods" 不存在
12:39:36.492 [main] WARN  o.h.e.jdbc.spi.SqlExceptionHelper - SQL Warning Code: 0, SQLState: 00000
12:39:36.492 [main] WARN  o.h.e.jdbc.spi.SqlExceptionHelper - 表 "goods_tags" 不存在
12:39:36.492 [main] WARN  o.h.e.jdbc.spi.SqlExceptionHelper - SQL Warning Code: 0, SQLState: 00000
12:39:36.492 [main] WARN  o.h.e.jdbc.spi.SqlExceptionHelper - 表 "student" 不存在
12:39:36.548 [main] INFO  o.s.o.j.LocalContainerEntityManagerFactoryBean - Initialized JPA EntityManagerFactory for persistence unit 'default'
12:39:36.813 [main] WARN  o.s.b.a.o.j.JpaBaseConfiguration$JpaWebConfiguration - spring.jpa.open-in-view is enabled by default. Therefore, database queries may be performed during view rendering. Explicitly configure spring.jpa.open-in-view to disable this warning
12:39:37.188 [main] INFO  o.a.coyote.http11.Http11NioProtocol - Starting ProtocolHandler ["http-nio-8080"]
12:39:37.208 [main] INFO  o.s.b.w.e.tomcat.TomcatWebServer - Tomcat started on port 8080 (http) with context path ''
12:39:37.213 [main] INFO  c.e.mvcdemo2.Mvcdemo2Application - Started Mvcdemo2Application in 4.175 seconds (process running for 5.097)
12:39:37.215 [main] INFO  c.e.mvcdemo2.Mvcdemo2Application - Customized INFO log 1
12:39:37.216 [main] ERROR c.e.mvcdemo2.Mvcdemo2Application - Customized ERROR log 3
12:41:16.320 [http-nio-8080-exec-1] INFO  o.a.c.c.C.[Tomcat].[localhost].[/] - Initializing Spring DispatcherServlet 'dispatcherServlet'
12:41:16.320 [http-nio-8080-exec-1] INFO  o.s.web.servlet.DispatcherServlet - Initializing Servlet 'dispatcherServlet'
12:41:16.324 [http-nio-8080-exec-1] INFO  o.s.web.servlet.DispatcherServlet - Completed initialization in 4 ms
12:41:36.397 [SpringApplicationShutdownHook] INFO  o.s.o.j.LocalContainerEntityManagerFactoryBean - Closing JPA EntityManagerFactory for persistence unit 'default'
12:41:36.412 [SpringApplicationShutdownHook] INFO  com.zaxxer.hikari.HikariDataSource - HikariPool-1 - Shutdown initiated...
12:41:36.415 [SpringApplicationShutdownHook] INFO  com.zaxxer.hikari.HikariDataSource - HikariPool-1 - Shutdown completed.
